<?xml version="1.0" encoding="UTF-8"?>
<!-- Generated by org.testng.reporters.JUnitReportReporter -->
<testsuite hostname="DESKTOP-93O1S8M" failures="0" tests="1" name="report.ScreenShots" time="34.561" errors="0" timestamp="06 Oct 2018 06:33:48 GMT" skipped="0">
  <testcase classname="report.ScreenShots" name="checkingScreenShotOption" time="34.561"/>
</testsuite> <!-- report.ScreenShots -->
