<?xml version="1.0" encoding="UTF-8"?>
<!-- Generated by org.testng.reporters.JUnitReportReporter -->
<testsuite hostname="DESKTOP-93O1S8M" failures="0" tests="1" name="report.ExtentReportsWithScreenshots" time="14.596" errors="0" timestamp="08 Oct 2018 02:50:01 GMT" skipped="0">
  <testcase classname="report.ExtentReportsWithScreenshots" name="loginFlipkart" time="14.596"/>
</testsuite> <!-- report.ExtentReportsWithScreenshots -->
